<?xml version="1.0" encoding="utf-8"?><testsuites name="pytest tests"><testsuite name="pytest" errors="0" failures="2" skipped="1" tests="48" time="48.732" timestamp="2026-04-22T06:38:21.868911+00:00" hostname="agent-env-6ada865b-777f-4c54-91ab-e5992642a6ba"><testcase classname="backend.tests.backend_test.TestAuth" name="test_health" time="0.134" /><testcase classname="backend.tests.backend_test.TestAuth" name="test_login_admin" time="0.330" /><testcase classname="backend.tests.backend_test.TestAuth" name="test_login_manager" time="0.320" /><testcase classname="backend.tests.backend_test.TestAuth" name="test_login_employee" time="0.322" /><testcase classname="backend.tests.backend_test.TestAuth" name="test_login_invalid" time="0.102" /><testcase classname="backend.tests.backend_test.TestAuth" name="test_me" time="0.421" /><testcase classname="backend.tests.backend_test.TestAuth" name="test_me_no_auth" time="0.093" /><testcase classname="backend.tests.backend_test.TestResources" name="test_list_resources_seeded" time="0.422" /><testcase classname="backend.tests.backend_test.TestResources" name="test_resource_policies_exist" time="0.103" /><testcase classname="backend.tests.backend_test.TestResources" name="test_requires_approval_flags" time="0.001" /><testcase classname="backend.tests.backend_test.TestResources" name="test_employee_cannot_create_resource" time="0.103" /><testcase classname="backend.tests.backend_test.TestResources" name="test_admin_crud_resource" time="0.640" /><testcase classname="backend.tests.backend_test.TestBookings" name="test_validate_ok" time="0.460" /><testcase classname="backend.tests.backend_test.TestBookings" name="test_validate_outside_availability" time="0.116" /><testcase classname="backend.tests.backend_test.TestBookings" name="test_validate_min_advance_or_past" time="0.109" /><testcase classname="backend.tests.backend_test.TestBookings" name="test_create_auto_approve_employee" time="0.112" /><testcase classname="backend.tests.backend_test.TestBookings" name="test_create_overlap_rejected" time="0.114"><failure message="AssertionError: {&quot;detail&quot;:{&quot;message&quot;:&quot;Validation failed&quot;,&quot;errors&quot;:[{&quot;code&quot;:&quot;overlap&quot;,&quot;message&quot;:&quot;Another booking exists for this resource in the selected window.&quot;}]}}&#10;assert 400 == 200&#10; +  where 400 = &lt;Response [400]&gt;.status_code">backend/tests/backend_test.py:280: in test_create_overlap_rejected
    assert r1.status_code == 200, r1.text
E   AssertionError: {"detail":{"message":"Validation failed","errors":[{"code":"overlap","message":"Another booking exists for this resource in the selected window."}]}}
E   assert 400 == 200
E    +  where 400 = &lt;Response [400]&gt;.status_code</failure></testcase><testcase classname="backend.tests.backend_test.TestBookings" name="test_qr_only_when_approved" time="0.121" /><testcase classname="backend.tests.backend_test.TestBookings" name="test_create_pending_for_approval_resource" time="0.222" /><testcase classname="backend.tests.backend_test.TestBookings" name="test_manager_approvals_queue_and_approve" time="0.709" /><testcase classname="backend.tests.backend_test.TestBookings" name="test_reject_flow" time="0.253" /><testcase classname="backend.tests.backend_test.TestBookings" name="test_employee_cannot_approve" time="0.099" /><testcase classname="backend.tests.backend_test.TestBookings" name="test_checkin_window_before" time="0.331" /><testcase classname="backend.tests.backend_test.TestBookings" name="test_checkin_bad_code" time="0.000"><skipped type="pytest.skip" message="Outside availability window for check-in test">/app/backend/tests/backend_test.py:376: Outside availability window for check-in test</skipped></testcase><testcase classname="backend.tests.backend_test.TestBookings" name="test_cancel_by_owner" time="0.246" /><testcase classname="backend.tests.backend_test.TestBookings" name="test_cancel_by_admin_force" time="0.209" /><testcase classname="backend.tests.backend_test.TestBookings" name="test_extend_flow" time="0.684" /><testcase classname="backend.tests.backend_test.TestBookings" name="test_list_bookings_scopes" time="0.529" /><testcase classname="backend.tests.backend_test.TestBookings" name="test_events_audit" time="0.103" /><testcase classname="backend.tests.backend_test.TestParking" name="test_parking_within_capacity" time="0.227" /><testcase classname="backend.tests.backend_test.TestNotifications" name="test_list_and_mark_read" time="0.324" /><testcase classname="backend.tests.backend_test.TestMaintenance" name="test_preview_and_apply" time="0.532" /><testcase classname="backend.tests.backend_test.TestReports" name="test_overview_admin" time="0.124" /><testcase classname="backend.tests.backend_test.TestReports" name="test_overview_manager" time="0.128" /><testcase classname="backend.tests.backend_test.TestReports" name="test_overview_forbidden_employee" time="0.104" /><testcase classname="backend.tests.backend_test.TestCalendar" name="test_employee_calendar" time="0.139" /><testcase classname="backend.tests.backend_test.TestCalendar" name="test_team_calendar" time="0.155" /><testcase classname="backend.tests.backend_test.TestCalendar" name="test_resource_calendar" time="0.109" /><testcase classname="backend.tests.backend_test.TestBruteForceLockout" name="test_lockout_after_5_failures" time="0.629" /><testcase classname="backend.tests.backend_test.TestBruteForceLockout" name="test_different_email_not_locked_out" time="0.632" /><testcase classname="backend.tests.backend_test.TestBruteForceLockout" name="test_correct_password_still_works_after_failures" time="0.989" /><testcase classname="backend.tests.backend_test.TestBruteForceLockout" name="test_successful_login_resets_counter" time="22.371" /><testcase classname="backend.tests.backend_test.TestRecurringBookings" name="test_recurring_daily_creates_3" time="11.334" /><testcase classname="backend.tests.backend_test.TestRecurringBookings" name="test_recurring_weekday_skips_weekends" time="1.149" /><testcase classname="backend.tests.backend_test.TestRecurringBookings" name="test_recurring_weekly_advances_7_days" time="0.114" /><testcase classname="backend.tests.backend_test.TestRecurringBookings" name="test_recurring_occurrences_out_of_range" time="0.411" /><testcase classname="backend.tests.backend_test.TestRecurringBookings" name="test_recurring_conflict_lands_in_failed" time="0.110"><failure message="AssertionError: {&quot;detail&quot;:{&quot;message&quot;:&quot;Validation failed&quot;,&quot;errors&quot;:[{&quot;code&quot;:&quot;overlap&quot;,&quot;message&quot;:&quot;Another booking exists for this resource in the selected window.&quot;}]}}&#10;assert 400 == 200&#10; +  where 400 = &lt;Response [400]&gt;.status_code">backend/tests/backend_test.py:716: in test_recurring_conflict_lands_in_failed
    assert pr.status_code == 200, pr.text
E   AssertionError: {"detail":{"message":"Validation failed","errors":[{"code":"overlap","message":"Another booking exists for this resource in the selected window."}]}}
E   assert 400 == 200
E    +  where 400 = &lt;Response [400]&gt;.status_code</failure></testcase><testcase classname="backend.tests.backend_test.TestEmailSkipLog" name="test_email_skip_on_auto_approve" time="1.611" /></testsuite></testsuites>